2024-02-27 16:11:35 INFO  ebanking:14 - URL is opened
2024-02-27 16:11:35 INFO  ebanking:18 - entered username
2024-02-27 16:11:35 INFO  ebanking:20 - entered password
2024-02-27 16:11:37 INFO  ebanking:32 - test case failed
2024-02-27 16:16:05 INFO  ebanking:14 - URL is opened
2024-02-27 16:16:05 INFO  ebanking:18 - entered username
2024-02-27 16:16:05 INFO  ebanking:20 - entered password
2024-02-27 16:16:07 INFO  ebanking:26 - test case passed
2024-02-27 17:16:07 INFO  ebanking:14 - URL is opened
2024-02-27 17:16:07 INFO  ebanking:18 - entered username
2024-02-27 17:16:07 INFO  ebanking:20 - entered password
2024-02-27 17:16:08 INFO  ebanking:26 - test case passed
2024-02-29 09:28:08 INFO  ebanking:14 - URL is opened
2024-02-29 09:28:08 INFO  ebanking:18 - entered username
2024-02-29 09:28:08 INFO  ebanking:20 - entered password
2024-02-29 09:28:09 INFO  ebanking:26 - test case passed
2024-02-29 10:04:50 INFO  ebanking:14 - URL is opened
2024-02-29 10:04:50 INFO  ebanking:18 - entered username
2024-02-29 10:04:50 INFO  ebanking:20 - entered password
2024-02-29 10:04:52 INFO  ebanking:26 - test case passed
2024-02-29 10:11:41 INFO  ebanking:14 - URL is opened
2024-02-29 10:11:41 INFO  ebanking:18 - entered username
2024-02-29 10:11:41 INFO  ebanking:20 - entered password
2024-02-29 10:11:47 INFO  ebanking:26 - test case passed
2024-02-29 10:33:25 INFO  ebanking:14 - URL is opened
2024-02-29 10:33:25 INFO  ebanking:18 - entered username
2024-02-29 10:33:25 INFO  ebanking:20 - entered password
2024-02-29 10:33:41 INFO  ebanking:26 - test case passed
2024-02-29 11:58:03 INFO  ebanking:14 - URL is opened
2024-02-29 11:58:03 INFO  ebanking:18 - entered username
2024-02-29 11:58:03 INFO  ebanking:20 - entered password
2024-02-29 11:58:05 INFO  ebanking:26 - test case passed
2024-02-29 12:11:37 INFO  ebanking:14 - URL is opened
2024-02-29 12:11:37 INFO  ebanking:18 - entered username
2024-02-29 12:11:37 INFO  ebanking:20 - entered password
2024-02-29 12:11:39 INFO  ebanking:26 - test case passed
2024-02-29 12:13:30 INFO  ebanking:14 - URL is opened
2024-02-29 12:13:30 INFO  ebanking:18 - entered username
2024-02-29 12:13:30 INFO  ebanking:20 - entered password
2024-02-29 12:13:31 INFO  ebanking:32 - test case failed
2024-02-29 12:14:25 INFO  ebanking:14 - URL is opened
2024-02-29 12:14:25 INFO  ebanking:18 - entered username
2024-02-29 12:14:25 INFO  ebanking:20 - entered password
2024-02-29 12:14:27 INFO  ebanking:32 - test case failed
2024-02-29 12:16:00 INFO  ebanking:14 - URL is opened
2024-02-29 12:16:00 INFO  ebanking:18 - entered username
2024-02-29 12:16:00 INFO  ebanking:20 - entered password
2024-02-29 12:16:02 INFO  ebanking:32 - test case failed
2024-02-29 12:17:28 INFO  ebanking:14 - URL is opened
2024-02-29 12:17:28 INFO  ebanking:18 - entered username
2024-02-29 12:17:28 INFO  ebanking:20 - entered password
2024-02-29 12:22:42 INFO  ebanking:14 - URL is opened
2024-02-29 12:22:42 INFO  ebanking:18 - entered username
2024-02-29 12:22:42 INFO  ebanking:20 - entered password
2024-02-29 12:22:47 INFO  ebanking:32 - test case failed
2024-02-29 12:24:03 INFO  ebanking:14 - URL is opened
2024-02-29 12:24:03 INFO  ebanking:18 - entered username
2024-02-29 12:24:03 INFO  ebanking:20 - entered password
2024-02-29 15:31:45 INFO  ebanking:14 - URL is opened
2024-02-29 15:31:45 INFO  ebanking:18 - entered username
2024-02-29 15:31:45 INFO  ebanking:20 - entered password
2024-02-29 15:45:44 INFO  ebanking:14 - URL is opened
2024-02-29 15:45:44 INFO  ebanking:18 - entered username
2024-02-29 15:45:44 INFO  ebanking:20 - entered password
2024-02-29 15:59:16 INFO  ebanking:14 - URL is opened
2024-02-29 15:59:16 INFO  ebanking:18 - entered username
2024-02-29 15:59:16 INFO  ebanking:20 - entered password
2024-02-29 16:02:01 INFO  ebanking:14 - URL is opened
2024-02-29 16:02:01 INFO  ebanking:18 - entered username
2024-02-29 16:02:01 INFO  ebanking:20 - entered password
2024-02-29 16:27:58 INFO  ebanking:14 - URL is opened
2024-02-29 16:27:58 INFO  ebanking:18 - entered username
2024-02-29 16:27:58 INFO  ebanking:20 - entered password
2024-02-29 16:30:59 INFO  ebanking:14 - URL is opened
2024-02-29 16:30:59 INFO  ebanking:18 - entered username
2024-02-29 16:30:59 INFO  ebanking:20 - entered password
2024-02-29 16:33:35 INFO  ebanking:14 - URL is opened
2024-02-29 16:33:36 INFO  ebanking:18 - entered username
2024-02-29 16:33:36 INFO  ebanking:20 - entered password
2024-02-29 16:36:07 INFO  ebanking:14 - URL is opened
2024-02-29 16:36:07 INFO  ebanking:18 - entered username
2024-02-29 16:36:07 INFO  ebanking:20 - entered password
2024-02-29 16:44:10 INFO  ebanking:14 - URL is opened
2024-02-29 16:44:10 INFO  ebanking:18 - entered username
2024-02-29 16:44:10 INFO  ebanking:20 - entered password
2024-02-29 17:05:05 INFO  ebanking:14 - URL is opened
2024-02-29 17:05:05 INFO  ebanking:18 - entered username
2024-02-29 17:05:05 INFO  ebanking:20 - entered password
2024-03-01 10:45:47 INFO  ebanking:14 - URL is opened
2024-03-01 10:45:47 INFO  ebanking:18 - entered username
2024-03-01 10:45:47 INFO  ebanking:20 - entered password
2024-03-01 11:04:27 INFO  ebanking:14 - URL is opened
2024-03-01 11:04:27 INFO  ebanking:18 - entered username
2024-03-01 11:04:27 INFO  ebanking:20 - entered password
2024-03-01 11:04:29 INFO  ebanking:14 - URL is opened
2024-03-01 11:04:29 INFO  ebanking:18 - entered username
2024-03-01 11:04:30 INFO  ebanking:20 - entered password
2024-03-01 11:05:16 INFO  ebanking:14 - URL is opened
2024-03-01 11:05:16 INFO  ebanking:18 - entered username
2024-03-01 11:05:16 INFO  ebanking:20 - entered password
2024-03-01 14:55:14 INFO  ebanking:14 - URL is opened
2024-03-01 14:55:14 INFO  ebanking:18 - entered username
2024-03-01 14:55:14 INFO  ebanking:20 - entered password
2024-03-18 16:35:13 INFO  ebanking:19 - username is provided
2024-03-18 16:35:13 INFO  ebanking:21 - password is provided
2024-03-18 16:35:17 INFO  ebanking:35 - login passed
2024-03-18 16:35:23 INFO  ebanking:19 - username is provided
2024-03-18 16:35:23 INFO  ebanking:21 - password is provided
2024-03-18 16:35:28 INFO  ebanking:19 - username is provided
2024-03-18 16:35:28 INFO  ebanking:21 - password is provided
2024-03-18 16:35:33 INFO  ebanking:19 - username is provided
2024-03-18 16:35:33 INFO  ebanking:21 - password is provided
2024-03-18 16:35:37 INFO  ebanking:35 - login passed
2024-03-18 16:35:43 INFO  ebanking:19 - username is provided
2024-03-18 16:35:43 INFO  ebanking:21 - password is provided
2024-03-19 11:19:29 INFO  ebanking:18 - username is provided
2024-03-19 11:19:29 INFO  ebanking:20 - password is provided
2024-03-19 11:19:34 INFO  ebanking:26 - providing customer details
2024-03-19 11:20:00 INFO  ebanking:18 - username is provided
2024-03-19 11:20:00 INFO  ebanking:20 - password is provided
2024-03-19 11:20:05 INFO  ebanking:26 - providing customer details
2024-03-19 11:22:26 INFO  ebanking:18 - username is provided
2024-03-19 11:22:26 INFO  ebanking:20 - password is provided
2024-03-19 11:23:12 INFO  ebanking:18 - username is provided
2024-03-19 11:23:12 INFO  ebanking:20 - password is provided
2024-03-19 11:24:01 INFO  ebanking:18 - username is provided
2024-03-19 11:24:01 INFO  ebanking:20 - password is provided
2024-03-19 11:24:36 INFO  ebanking:18 - username is provided
2024-03-19 11:24:36 INFO  ebanking:20 - password is provided
2024-03-19 11:24:40 INFO  ebanking:26 - providing customer details
2024-03-19 11:25:47 INFO  ebanking:18 - username is provided
2024-03-19 11:25:47 INFO  ebanking:20 - password is provided
2024-03-19 11:26:14 INFO  ebanking:18 - username is provided
2024-03-19 11:26:14 INFO  ebanking:20 - password is provided
2024-03-19 11:26:58 INFO  ebanking:18 - username is provided
2024-03-19 11:26:58 INFO  ebanking:20 - password is provided
2024-03-19 11:27:10 INFO  ebanking:26 - providing customer details
2024-03-19 15:59:36 INFO  ebanking:18 - username is provided
2024-03-19 15:59:36 INFO  ebanking:20 - password is provided
2024-03-19 16:01:36 INFO  ebanking:18 - username is provided
2024-03-19 16:01:36 INFO  ebanking:20 - password is provided
2024-03-19 16:01:38 INFO  ebanking:25 - providing customer details
2024-03-19 16:01:44 INFO  ebanking:40 - validation started...
2024-03-19 16:02:52 INFO  ebanking:18 - username is provided
2024-03-19 16:02:52 INFO  ebanking:20 - password is provided
2024-03-19 16:02:54 INFO  ebanking:25 - providing customer details
2024-03-19 16:03:03 INFO  ebanking:41 - validation started...
2024-03-19 16:04:19 INFO  ebanking:18 - username is provided
2024-03-19 16:04:19 INFO  ebanking:20 - password is provided
2024-03-19 16:04:21 INFO  ebanking:25 - providing customer details
2024-03-19 16:04:31 INFO  ebanking:41 - validation started...
2024-03-19 16:14:41 INFO  ebanking:18 - username is provided
2024-03-19 16:14:41 INFO  ebanking:20 - password is provided
2024-03-19 16:14:50 INFO  ebanking:25 - providing customer details
2024-03-19 16:15:13 INFO  ebanking:41 - validation started...
2024-03-19 16:15:13 INFO  ebanking:47 - Testcase passed
2024-03-19 16:19:32 INFO  ebanking:14 - URL is opened
2024-03-19 16:19:33 INFO  ebanking:18 - entered username
2024-03-19 16:19:33 INFO  ebanking:20 - entered password
2024-03-19 16:19:34 INFO  ebanking:32 - test case failed
2024-03-19 16:19:43 INFO  ebanking:18 - username is provided
2024-03-19 16:19:43 INFO  ebanking:20 - password is provided
2024-03-19 16:19:51 INFO  ebanking:25 - providing customer details
2024-03-19 16:20:06 INFO  ebanking:41 - validation started...
2024-03-19 16:20:06 INFO  ebanking:47 - Testcase passed
2024-03-19 16:34:24 INFO  ebanking:14 - URL is opened
2024-03-19 16:34:24 INFO  ebanking:18 - entered username
2024-03-19 16:34:24 INFO  ebanking:20 - entered password
2024-03-19 16:34:29 INFO  ebanking:32 - test case failed
2024-03-19 16:34:34 INFO  ebanking:18 - username is provided
2024-03-19 16:34:34 INFO  ebanking:20 - password is provided
2024-03-19 16:34:36 INFO  ebanking:25 - providing customer details
2024-03-19 16:34:49 INFO  ebanking:41 - validation started...
2024-03-19 16:34:49 INFO  ebanking:47 - Testcase passed
2024-03-19 17:23:59 INFO  ebanking:14 - URL is opened
2024-03-19 17:23:59 INFO  ebanking:18 - entered username
2024-03-19 17:23:59 INFO  ebanking:20 - entered password
2024-03-19 17:24:00 INFO  ebanking:32 - test case failed
2024-03-19 17:24:04 INFO  ebanking:18 - username is provided
2024-03-19 17:24:05 INFO  ebanking:20 - password is provided
2024-03-19 17:24:07 INFO  ebanking:25 - providing customer details
2024-03-19 17:24:17 INFO  ebanking:41 - validation started...
2024-03-20 11:15:28 INFO  ebanking:14 - URL is opened
2024-03-20 11:19:37 INFO  ebanking:14 - URL is opened
2024-03-20 11:19:37 INFO  ebanking:18 - entered username
2024-03-20 11:19:37 INFO  ebanking:20 - entered password
2024-03-20 11:19:38 INFO  ebanking:32 - test case failed
2024-03-20 11:19:53 INFO  ebanking:18 - username is provided
2024-03-20 11:19:54 INFO  ebanking:20 - password is provided
2024-03-20 11:19:55 INFO  ebanking:25 - providing customer details
2024-03-20 11:20:35 INFO  ebanking:41 - validation started...
2024-03-20 11:21:07 INFO  ebanking:14 - URL is opened
2024-03-20 11:21:07 INFO  ebanking:18 - entered username
2024-03-20 11:21:08 INFO  ebanking:20 - entered password
2024-03-20 11:21:09 INFO  ebanking:32 - test case failed
2024-03-20 11:21:21 INFO  ebanking:18 - username is provided
2024-03-20 11:21:21 INFO  ebanking:20 - password is provided
2024-03-20 11:21:23 INFO  ebanking:25 - providing customer details
2024-03-20 11:21:34 INFO  ebanking:41 - validation started...
2024-03-20 11:21:34 INFO  ebanking:47 - Testcase passed
2024-03-20 11:22:12 INFO  ebanking:14 - URL is opened
2024-03-20 11:22:12 INFO  ebanking:18 - entered username
2024-03-20 11:22:12 INFO  ebanking:20 - entered password
2024-03-20 11:22:13 INFO  ebanking:32 - test case failed
2024-03-20 11:22:17 INFO  ebanking:18 - username is provided
2024-03-20 11:22:17 INFO  ebanking:20 - password is provided
2024-03-20 11:22:19 INFO  ebanking:25 - providing customer details
2024-03-20 11:22:31 INFO  ebanking:41 - validation started...
2024-03-20 11:22:31 INFO  ebanking:47 - Testcase passed
2024-03-20 11:23:01 INFO  ebanking:14 - URL is opened
2024-03-20 11:23:01 INFO  ebanking:18 - entered username
2024-03-20 11:23:01 INFO  ebanking:20 - entered password
2024-03-20 11:23:02 INFO  ebanking:32 - test case failed
2024-03-20 11:23:07 INFO  ebanking:18 - username is provided
2024-03-20 11:23:08 INFO  ebanking:20 - password is provided
2024-03-20 11:23:09 INFO  ebanking:25 - providing customer details
2024-03-20 11:23:20 INFO  ebanking:41 - validation started...
2024-03-20 11:23:20 INFO  ebanking:47 - Testcase passed
2024-03-20 11:23:52 INFO  ebanking:14 - URL is opened
2024-03-20 11:23:52 INFO  ebanking:18 - entered username
2024-03-20 11:23:52 INFO  ebanking:20 - entered password
2024-03-20 11:23:53 INFO  ebanking:32 - test case failed
2024-03-20 11:23:57 INFO  ebanking:18 - username is provided
2024-03-20 11:23:58 INFO  ebanking:20 - password is provided
2024-03-20 11:23:59 INFO  ebanking:25 - providing customer details
2024-03-20 11:24:11 INFO  ebanking:41 - validation started...
2024-03-20 11:24:11 INFO  ebanking:47 - Testcase passed
